ARM GAS  C:\Users\kevin\AppData\Local\Temp\cc6ZmH3z.s 			page 1


   1              		.cpu cortex-m3
   2              		.arch armv7-m
   3              		.fpu softvfp
   4              		.eabi_attribute 20, 1
   5              		.eabi_attribute 21, 1
   6              		.eabi_attribute 23, 3
   7              		.eabi_attribute 24, 1
   8              		.eabi_attribute 25, 1
   9              		.eabi_attribute 26, 1
  10              		.eabi_attribute 30, 1
  11              		.eabi_attribute 34, 1
  12              		.eabi_attribute 18, 4
  13              		.file	"stm32f10x_dbgmcu.c"
  14              		.text
  15              	.Ltext0:
  16              		.cfi_sections	.debug_frame
  17              		.file 1 "STM32F10x_StdPeriph_Driver/src/stm32f10x_dbgmcu.c"
  18              		.section	.text.DBGMCU_GetREVID,"ax",%progbits
  19              		.align	1
  20              		.global	DBGMCU_GetREVID
  21              		.syntax unified
  22              		.thumb
  23              		.thumb_func
  25              	DBGMCU_GetREVID:
  26              	.LFB29:
   1:STM32F10x_StdPeriph_Driver/src/stm32f10x_dbgmcu.c **** /**
   2:STM32F10x_StdPeriph_Driver/src/stm32f10x_dbgmcu.c ****   ******************************************************************************
   3:STM32F10x_StdPeriph_Driver/src/stm32f10x_dbgmcu.c ****   * @file    stm32f10x_dbgmcu.c
   4:STM32F10x_StdPeriph_Driver/src/stm32f10x_dbgmcu.c ****   * @author  MCD Application Team
   5:STM32F10x_StdPeriph_Driver/src/stm32f10x_dbgmcu.c ****   * @version V3.5.0
   6:STM32F10x_StdPeriph_Driver/src/stm32f10x_dbgmcu.c ****   * @date    11-March-2011
   7:STM32F10x_StdPeriph_Driver/src/stm32f10x_dbgmcu.c ****   * @brief   This file provides all the DBGMCU firmware functions.
   8:STM32F10x_StdPeriph_Driver/src/stm32f10x_dbgmcu.c ****   ******************************************************************************
   9:STM32F10x_StdPeriph_Driver/src/stm32f10x_dbgmcu.c ****   * @attention
  10:STM32F10x_StdPeriph_Driver/src/stm32f10x_dbgmcu.c ****   *
  11:STM32F10x_StdPeriph_Driver/src/stm32f10x_dbgmcu.c ****   * THE PRESENT FIRMWARE WHICH IS FOR GUIDANCE ONLY AIMS AT PROVIDING CUSTOMERS
  12:STM32F10x_StdPeriph_Driver/src/stm32f10x_dbgmcu.c ****   * WITH CODING INFORMATION REGARDING THEIR PRODUCTS IN ORDER FOR THEM TO SAVE
  13:STM32F10x_StdPeriph_Driver/src/stm32f10x_dbgmcu.c ****   * TIME. AS A RESULT, STMICROELECTRONICS SHALL NOT BE HELD LIABLE FOR ANY
  14:STM32F10x_StdPeriph_Driver/src/stm32f10x_dbgmcu.c ****   * DIRECT, INDIRECT OR CONSEQUENTIAL DAMAGES WITH RESPECT TO ANY CLAIMS ARISING
  15:STM32F10x_StdPeriph_Driver/src/stm32f10x_dbgmcu.c ****   * FROM THE CONTENT OF SUCH FIRMWARE AND/OR THE USE MADE BY CUSTOMERS OF THE
  16:STM32F10x_StdPeriph_Driver/src/stm32f10x_dbgmcu.c ****   * CODING INFORMATION CONTAINED HEREIN IN CONNECTION WITH THEIR PRODUCTS.
  17:STM32F10x_StdPeriph_Driver/src/stm32f10x_dbgmcu.c ****   *
  18:STM32F10x_StdPeriph_Driver/src/stm32f10x_dbgmcu.c ****   * <h2><center>&copy; COPYRIGHT 2011 STMicroelectronics</center></h2>
  19:STM32F10x_StdPeriph_Driver/src/stm32f10x_dbgmcu.c ****   ******************************************************************************
  20:STM32F10x_StdPeriph_Driver/src/stm32f10x_dbgmcu.c ****   */
  21:STM32F10x_StdPeriph_Driver/src/stm32f10x_dbgmcu.c **** 
  22:STM32F10x_StdPeriph_Driver/src/stm32f10x_dbgmcu.c **** /* Includes ------------------------------------------------------------------*/
  23:STM32F10x_StdPeriph_Driver/src/stm32f10x_dbgmcu.c **** #include "stm32f10x_dbgmcu.h"
  24:STM32F10x_StdPeriph_Driver/src/stm32f10x_dbgmcu.c **** 
  25:STM32F10x_StdPeriph_Driver/src/stm32f10x_dbgmcu.c **** /** @addtogroup STM32F10x_StdPeriph_Driver
  26:STM32F10x_StdPeriph_Driver/src/stm32f10x_dbgmcu.c ****   * @{
  27:STM32F10x_StdPeriph_Driver/src/stm32f10x_dbgmcu.c ****   */
  28:STM32F10x_StdPeriph_Driver/src/stm32f10x_dbgmcu.c **** 
  29:STM32F10x_StdPeriph_Driver/src/stm32f10x_dbgmcu.c **** /** @defgroup DBGMCU 
  30:STM32F10x_StdPeriph_Driver/src/stm32f10x_dbgmcu.c ****   * @brief DBGMCU driver modules
  31:STM32F10x_StdPeriph_Driver/src/stm32f10x_dbgmcu.c ****   * @{
  32:STM32F10x_StdPeriph_Driver/src/stm32f10x_dbgmcu.c ****   */ 
ARM GAS  C:\Users\kevin\AppData\Local\Temp\cc6ZmH3z.s 			page 2


  33:STM32F10x_StdPeriph_Driver/src/stm32f10x_dbgmcu.c **** 
  34:STM32F10x_StdPeriph_Driver/src/stm32f10x_dbgmcu.c **** /** @defgroup DBGMCU_Private_TypesDefinitions
  35:STM32F10x_StdPeriph_Driver/src/stm32f10x_dbgmcu.c ****   * @{
  36:STM32F10x_StdPeriph_Driver/src/stm32f10x_dbgmcu.c ****   */
  37:STM32F10x_StdPeriph_Driver/src/stm32f10x_dbgmcu.c **** 
  38:STM32F10x_StdPeriph_Driver/src/stm32f10x_dbgmcu.c **** /**
  39:STM32F10x_StdPeriph_Driver/src/stm32f10x_dbgmcu.c ****   * @}
  40:STM32F10x_StdPeriph_Driver/src/stm32f10x_dbgmcu.c ****   */
  41:STM32F10x_StdPeriph_Driver/src/stm32f10x_dbgmcu.c **** 
  42:STM32F10x_StdPeriph_Driver/src/stm32f10x_dbgmcu.c **** /** @defgroup DBGMCU_Private_Defines
  43:STM32F10x_StdPeriph_Driver/src/stm32f10x_dbgmcu.c ****   * @{
  44:STM32F10x_StdPeriph_Driver/src/stm32f10x_dbgmcu.c ****   */
  45:STM32F10x_StdPeriph_Driver/src/stm32f10x_dbgmcu.c **** 
  46:STM32F10x_StdPeriph_Driver/src/stm32f10x_dbgmcu.c **** #define IDCODE_DEVID_MASK    ((uint32_t)0x00000FFF)
  47:STM32F10x_StdPeriph_Driver/src/stm32f10x_dbgmcu.c **** /**
  48:STM32F10x_StdPeriph_Driver/src/stm32f10x_dbgmcu.c ****   * @}
  49:STM32F10x_StdPeriph_Driver/src/stm32f10x_dbgmcu.c ****   */
  50:STM32F10x_StdPeriph_Driver/src/stm32f10x_dbgmcu.c **** 
  51:STM32F10x_StdPeriph_Driver/src/stm32f10x_dbgmcu.c **** /** @defgroup DBGMCU_Private_Macros
  52:STM32F10x_StdPeriph_Driver/src/stm32f10x_dbgmcu.c ****   * @{
  53:STM32F10x_StdPeriph_Driver/src/stm32f10x_dbgmcu.c ****   */
  54:STM32F10x_StdPeriph_Driver/src/stm32f10x_dbgmcu.c **** 
  55:STM32F10x_StdPeriph_Driver/src/stm32f10x_dbgmcu.c **** /**
  56:STM32F10x_StdPeriph_Driver/src/stm32f10x_dbgmcu.c ****   * @}
  57:STM32F10x_StdPeriph_Driver/src/stm32f10x_dbgmcu.c ****   */
  58:STM32F10x_StdPeriph_Driver/src/stm32f10x_dbgmcu.c **** 
  59:STM32F10x_StdPeriph_Driver/src/stm32f10x_dbgmcu.c **** /** @defgroup DBGMCU_Private_Variables
  60:STM32F10x_StdPeriph_Driver/src/stm32f10x_dbgmcu.c ****   * @{
  61:STM32F10x_StdPeriph_Driver/src/stm32f10x_dbgmcu.c ****   */
  62:STM32F10x_StdPeriph_Driver/src/stm32f10x_dbgmcu.c **** 
  63:STM32F10x_StdPeriph_Driver/src/stm32f10x_dbgmcu.c **** /**
  64:STM32F10x_StdPeriph_Driver/src/stm32f10x_dbgmcu.c ****   * @}
  65:STM32F10x_StdPeriph_Driver/src/stm32f10x_dbgmcu.c ****   */
  66:STM32F10x_StdPeriph_Driver/src/stm32f10x_dbgmcu.c **** 
  67:STM32F10x_StdPeriph_Driver/src/stm32f10x_dbgmcu.c **** /** @defgroup DBGMCU_Private_FunctionPrototypes
  68:STM32F10x_StdPeriph_Driver/src/stm32f10x_dbgmcu.c ****   * @{
  69:STM32F10x_StdPeriph_Driver/src/stm32f10x_dbgmcu.c ****   */
  70:STM32F10x_StdPeriph_Driver/src/stm32f10x_dbgmcu.c **** 
  71:STM32F10x_StdPeriph_Driver/src/stm32f10x_dbgmcu.c **** /**
  72:STM32F10x_StdPeriph_Driver/src/stm32f10x_dbgmcu.c ****   * @}
  73:STM32F10x_StdPeriph_Driver/src/stm32f10x_dbgmcu.c ****   */
  74:STM32F10x_StdPeriph_Driver/src/stm32f10x_dbgmcu.c **** 
  75:STM32F10x_StdPeriph_Driver/src/stm32f10x_dbgmcu.c **** /** @defgroup DBGMCU_Private_Functions
  76:STM32F10x_StdPeriph_Driver/src/stm32f10x_dbgmcu.c ****   * @{
  77:STM32F10x_StdPeriph_Driver/src/stm32f10x_dbgmcu.c ****   */
  78:STM32F10x_StdPeriph_Driver/src/stm32f10x_dbgmcu.c **** 
  79:STM32F10x_StdPeriph_Driver/src/stm32f10x_dbgmcu.c **** /**
  80:STM32F10x_StdPeriph_Driver/src/stm32f10x_dbgmcu.c ****   * @brief  Returns the device revision identifier.
  81:STM32F10x_StdPeriph_Driver/src/stm32f10x_dbgmcu.c ****   * @param  None
  82:STM32F10x_StdPeriph_Driver/src/stm32f10x_dbgmcu.c ****   * @retval Device revision identifier
  83:STM32F10x_StdPeriph_Driver/src/stm32f10x_dbgmcu.c ****   */
  84:STM32F10x_StdPeriph_Driver/src/stm32f10x_dbgmcu.c **** uint32_t DBGMCU_GetREVID(void)
  85:STM32F10x_StdPeriph_Driver/src/stm32f10x_dbgmcu.c **** {
  27              		.loc 1 85 1 view -0
  28              		.cfi_startproc
  29              		@ args = 0, pretend = 0, frame = 0
  30              		@ frame_needed = 0, uses_anonymous_args = 0
ARM GAS  C:\Users\kevin\AppData\Local\Temp\cc6ZmH3z.s 			page 3


  31              		@ link register save eliminated.
  86:STM32F10x_StdPeriph_Driver/src/stm32f10x_dbgmcu.c ****    return(DBGMCU->IDCODE >> 16);
  32              		.loc 1 86 4 view .LVU1
  33              		.loc 1 86 17 is_stmt 0 view .LVU2
  34 0000 014B     		ldr	r3, .L2
  35 0002 1868     		ldr	r0, [r3]
  87:STM32F10x_StdPeriph_Driver/src/stm32f10x_dbgmcu.c **** }
  36              		.loc 1 87 1 view .LVU3
  37 0004 000C     		lsrs	r0, r0, #16
  38 0006 7047     		bx	lr
  39              	.L3:
  40              		.align	2
  41              	.L2:
  42 0008 002004E0 		.word	-536600576
  43              		.cfi_endproc
  44              	.LFE29:
  46              		.section	.text.DBGMCU_GetDEVID,"ax",%progbits
  47              		.align	1
  48              		.global	DBGMCU_GetDEVID
  49              		.syntax unified
  50              		.thumb
  51              		.thumb_func
  53              	DBGMCU_GetDEVID:
  54              	.LFB30:
  88:STM32F10x_StdPeriph_Driver/src/stm32f10x_dbgmcu.c **** 
  89:STM32F10x_StdPeriph_Driver/src/stm32f10x_dbgmcu.c **** /**
  90:STM32F10x_StdPeriph_Driver/src/stm32f10x_dbgmcu.c ****   * @brief  Returns the device identifier.
  91:STM32F10x_StdPeriph_Driver/src/stm32f10x_dbgmcu.c ****   * @param  None
  92:STM32F10x_StdPeriph_Driver/src/stm32f10x_dbgmcu.c ****   * @retval Device identifier
  93:STM32F10x_StdPeriph_Driver/src/stm32f10x_dbgmcu.c ****   */
  94:STM32F10x_StdPeriph_Driver/src/stm32f10x_dbgmcu.c **** uint32_t DBGMCU_GetDEVID(void)
  95:STM32F10x_StdPeriph_Driver/src/stm32f10x_dbgmcu.c **** {
  55              		.loc 1 95 1 is_stmt 1 view -0
  56              		.cfi_startproc
  57              		@ args = 0, pretend = 0, frame = 0
  58              		@ frame_needed = 0, uses_anonymous_args = 0
  59              		@ link register save eliminated.
  96:STM32F10x_StdPeriph_Driver/src/stm32f10x_dbgmcu.c ****    return(DBGMCU->IDCODE & IDCODE_DEVID_MASK);
  60              		.loc 1 96 4 view .LVU5
  61              		.loc 1 96 17 is_stmt 0 view .LVU6
  62 0000 024B     		ldr	r3, .L5
  63 0002 1868     		ldr	r0, [r3]
  97:STM32F10x_StdPeriph_Driver/src/stm32f10x_dbgmcu.c **** }
  64              		.loc 1 97 1 view .LVU7
  65 0004 C0F30B00 		ubfx	r0, r0, #0, #12
  66 0008 7047     		bx	lr
  67              	.L6:
  68 000a 00BF     		.align	2
  69              	.L5:
  70 000c 002004E0 		.word	-536600576
  71              		.cfi_endproc
  72              	.LFE30:
  74              		.section	.text.DBGMCU_Config,"ax",%progbits
  75              		.align	1
  76              		.global	DBGMCU_Config
  77              		.syntax unified
  78              		.thumb
ARM GAS  C:\Users\kevin\AppData\Local\Temp\cc6ZmH3z.s 			page 4


  79              		.thumb_func
  81              	DBGMCU_Config:
  82              	.LVL0:
  83              	.LFB31:
  98:STM32F10x_StdPeriph_Driver/src/stm32f10x_dbgmcu.c **** 
  99:STM32F10x_StdPeriph_Driver/src/stm32f10x_dbgmcu.c **** /**
 100:STM32F10x_StdPeriph_Driver/src/stm32f10x_dbgmcu.c ****   * @brief  Configures the specified peripheral and low power mode behavior
 101:STM32F10x_StdPeriph_Driver/src/stm32f10x_dbgmcu.c ****   *   when the MCU under Debug mode.
 102:STM32F10x_StdPeriph_Driver/src/stm32f10x_dbgmcu.c ****   * @param  DBGMCU_Periph: specifies the peripheral and low power mode.
 103:STM32F10x_StdPeriph_Driver/src/stm32f10x_dbgmcu.c ****   *   This parameter can be any combination of the following values:
 104:STM32F10x_StdPeriph_Driver/src/stm32f10x_dbgmcu.c ****   *     @arg DBGMCU_SLEEP: Keep debugger connection during SLEEP mode              
 105:STM32F10x_StdPeriph_Driver/src/stm32f10x_dbgmcu.c ****   *     @arg DBGMCU_STOP: Keep debugger connection during STOP mode               
 106:STM32F10x_StdPeriph_Driver/src/stm32f10x_dbgmcu.c ****   *     @arg DBGMCU_STANDBY: Keep debugger connection during STANDBY mode            
 107:STM32F10x_StdPeriph_Driver/src/stm32f10x_dbgmcu.c ****   *     @arg DBGMCU_IWDG_STOP: Debug IWDG stopped when Core is halted          
 108:STM32F10x_StdPeriph_Driver/src/stm32f10x_dbgmcu.c ****   *     @arg DBGMCU_WWDG_STOP: Debug WWDG stopped when Core is halted          
 109:STM32F10x_StdPeriph_Driver/src/stm32f10x_dbgmcu.c ****   *     @arg DBGMCU_TIM1_STOP: TIM1 counter stopped when Core is halted          
 110:STM32F10x_StdPeriph_Driver/src/stm32f10x_dbgmcu.c ****   *     @arg DBGMCU_TIM2_STOP: TIM2 counter stopped when Core is halted          
 111:STM32F10x_StdPeriph_Driver/src/stm32f10x_dbgmcu.c ****   *     @arg DBGMCU_TIM3_STOP: TIM3 counter stopped when Core is halted          
 112:STM32F10x_StdPeriph_Driver/src/stm32f10x_dbgmcu.c ****   *     @arg DBGMCU_TIM4_STOP: TIM4 counter stopped when Core is halted          
 113:STM32F10x_StdPeriph_Driver/src/stm32f10x_dbgmcu.c ****   *     @arg DBGMCU_CAN1_STOP: Debug CAN2 stopped when Core is halted           
 114:STM32F10x_StdPeriph_Driver/src/stm32f10x_dbgmcu.c ****   *     @arg DBGMCU_I2C1_SMBUS_TIMEOUT: I2C1 SMBUS timeout mode stopped when Core is halted
 115:STM32F10x_StdPeriph_Driver/src/stm32f10x_dbgmcu.c ****   *     @arg DBGMCU_I2C2_SMBUS_TIMEOUT: I2C2 SMBUS timeout mode stopped when Core is halted
 116:STM32F10x_StdPeriph_Driver/src/stm32f10x_dbgmcu.c ****   *     @arg DBGMCU_TIM5_STOP: TIM5 counter stopped when Core is halted          
 117:STM32F10x_StdPeriph_Driver/src/stm32f10x_dbgmcu.c ****   *     @arg DBGMCU_TIM6_STOP: TIM6 counter stopped when Core is halted          
 118:STM32F10x_StdPeriph_Driver/src/stm32f10x_dbgmcu.c ****   *     @arg DBGMCU_TIM7_STOP: TIM7 counter stopped when Core is halted          
 119:STM32F10x_StdPeriph_Driver/src/stm32f10x_dbgmcu.c ****   *     @arg DBGMCU_TIM8_STOP: TIM8 counter stopped when Core is halted
 120:STM32F10x_StdPeriph_Driver/src/stm32f10x_dbgmcu.c ****   *     @arg DBGMCU_CAN2_STOP: Debug CAN2 stopped when Core is halted 
 121:STM32F10x_StdPeriph_Driver/src/stm32f10x_dbgmcu.c ****   *     @arg DBGMCU_TIM15_STOP: TIM15 counter stopped when Core is halted
 122:STM32F10x_StdPeriph_Driver/src/stm32f10x_dbgmcu.c ****   *     @arg DBGMCU_TIM16_STOP: TIM16 counter stopped when Core is halted
 123:STM32F10x_StdPeriph_Driver/src/stm32f10x_dbgmcu.c ****   *     @arg DBGMCU_TIM17_STOP: TIM17 counter stopped when Core is halted                
 124:STM32F10x_StdPeriph_Driver/src/stm32f10x_dbgmcu.c ****   *     @arg DBGMCU_TIM9_STOP: TIM9 counter stopped when Core is halted
 125:STM32F10x_StdPeriph_Driver/src/stm32f10x_dbgmcu.c ****   *     @arg DBGMCU_TIM10_STOP: TIM10 counter stopped when Core is halted
 126:STM32F10x_StdPeriph_Driver/src/stm32f10x_dbgmcu.c ****   *     @arg DBGMCU_TIM11_STOP: TIM11 counter stopped when Core is halted
 127:STM32F10x_StdPeriph_Driver/src/stm32f10x_dbgmcu.c ****   *     @arg DBGMCU_TIM12_STOP: TIM12 counter stopped when Core is halted
 128:STM32F10x_StdPeriph_Driver/src/stm32f10x_dbgmcu.c ****   *     @arg DBGMCU_TIM13_STOP: TIM13 counter stopped when Core is halted
 129:STM32F10x_StdPeriph_Driver/src/stm32f10x_dbgmcu.c ****   *     @arg DBGMCU_TIM14_STOP: TIM14 counter stopped when Core is halted
 130:STM32F10x_StdPeriph_Driver/src/stm32f10x_dbgmcu.c ****   * @param  NewState: new state of the specified peripheral in Debug mode.
 131:STM32F10x_StdPeriph_Driver/src/stm32f10x_dbgmcu.c ****   *   This parameter can be: ENABLE or DISABLE.
 132:STM32F10x_StdPeriph_Driver/src/stm32f10x_dbgmcu.c ****   * @retval None
 133:STM32F10x_StdPeriph_Driver/src/stm32f10x_dbgmcu.c ****   */
 134:STM32F10x_StdPeriph_Driver/src/stm32f10x_dbgmcu.c **** void DBGMCU_Config(uint32_t DBGMCU_Periph, FunctionalState NewState)
 135:STM32F10x_StdPeriph_Driver/src/stm32f10x_dbgmcu.c **** {
  84              		.loc 1 135 1 is_stmt 1 view -0
  85              		.cfi_startproc
  86              		@ args = 0, pretend = 0, frame = 0
  87              		@ frame_needed = 0, uses_anonymous_args = 0
  88              		@ link register save eliminated.
 136:STM32F10x_StdPeriph_Driver/src/stm32f10x_dbgmcu.c ****   /* Check the parameters */
 137:STM32F10x_StdPeriph_Driver/src/stm32f10x_dbgmcu.c ****   assert_param(IS_DBGMCU_PERIPH(DBGMCU_Periph));
  89              		.loc 1 137 3 view .LVU9
 138:STM32F10x_StdPeriph_Driver/src/stm32f10x_dbgmcu.c ****   assert_param(IS_FUNCTIONAL_STATE(NewState));
  90              		.loc 1 138 3 view .LVU10
 139:STM32F10x_StdPeriph_Driver/src/stm32f10x_dbgmcu.c **** 
 140:STM32F10x_StdPeriph_Driver/src/stm32f10x_dbgmcu.c ****   if (NewState != DISABLE)
  91              		.loc 1 140 3 view .LVU11
  92              		.loc 1 140 6 is_stmt 0 view .LVU12
  93 0000 21B1     		cbz	r1, .L8
ARM GAS  C:\Users\kevin\AppData\Local\Temp\cc6ZmH3z.s 			page 5


 141:STM32F10x_StdPeriph_Driver/src/stm32f10x_dbgmcu.c ****   {
 142:STM32F10x_StdPeriph_Driver/src/stm32f10x_dbgmcu.c ****     DBGMCU->CR |= DBGMCU_Periph;
  94              		.loc 1 142 5 is_stmt 1 view .LVU13
  95              		.loc 1 142 11 is_stmt 0 view .LVU14
  96 0002 054A     		ldr	r2, .L10
  97 0004 5368     		ldr	r3, [r2, #4]
  98              		.loc 1 142 16 view .LVU15
  99 0006 0343     		orrs	r3, r3, r0
 100 0008 5360     		str	r3, [r2, #4]
 101 000a 7047     		bx	lr
 102              	.L8:
 143:STM32F10x_StdPeriph_Driver/src/stm32f10x_dbgmcu.c ****   }
 144:STM32F10x_StdPeriph_Driver/src/stm32f10x_dbgmcu.c ****   else
 145:STM32F10x_StdPeriph_Driver/src/stm32f10x_dbgmcu.c ****   {
 146:STM32F10x_StdPeriph_Driver/src/stm32f10x_dbgmcu.c ****     DBGMCU->CR &= ~DBGMCU_Periph;
 103              		.loc 1 146 5 is_stmt 1 view .LVU16
 104              		.loc 1 146 11 is_stmt 0 view .LVU17
 105 000c 024A     		ldr	r2, .L10
 106 000e 5368     		ldr	r3, [r2, #4]
 107              		.loc 1 146 16 view .LVU18
 108 0010 23EA0003 		bic	r3, r3, r0
 109 0014 5360     		str	r3, [r2, #4]
 147:STM32F10x_StdPeriph_Driver/src/stm32f10x_dbgmcu.c ****   }
 148:STM32F10x_StdPeriph_Driver/src/stm32f10x_dbgmcu.c **** }
 110              		.loc 1 148 1 view .LVU19
 111 0016 7047     		bx	lr
 112              	.L11:
 113              		.align	2
 114              	.L10:
 115 0018 002004E0 		.word	-536600576
 116              		.cfi_endproc
 117              	.LFE31:
 119              		.text
 120              	.Letext0:
 121              		.file 2 "D:/Arm_GNU_Toolchain/arm-none-eabi/arm-none-eabi/include/machine/_default_types.h"
 122              		.file 3 "D:/Arm_GNU_Toolchain/arm-none-eabi/arm-none-eabi/include/sys/_stdint.h"
 123              		.file 4 "CMSIS/CM3/DeviceSupport/ST/STM32F10x/stm32f10x.h"
ARM GAS  C:\Users\kevin\AppData\Local\Temp\cc6ZmH3z.s 			page 6


DEFINED SYMBOLS
                            *ABS*:00000000 stm32f10x_dbgmcu.c
C:\Users\kevin\AppData\Local\Temp\cc6ZmH3z.s:19     .text.DBGMCU_GetREVID:00000000 $t
C:\Users\kevin\AppData\Local\Temp\cc6ZmH3z.s:25     .text.DBGMCU_GetREVID:00000000 DBGMCU_GetREVID
C:\Users\kevin\AppData\Local\Temp\cc6ZmH3z.s:42     .text.DBGMCU_GetREVID:00000008 $d
C:\Users\kevin\AppData\Local\Temp\cc6ZmH3z.s:47     .text.DBGMCU_GetDEVID:00000000 $t
C:\Users\kevin\AppData\Local\Temp\cc6ZmH3z.s:53     .text.DBGMCU_GetDEVID:00000000 DBGMCU_GetDEVID
C:\Users\kevin\AppData\Local\Temp\cc6ZmH3z.s:70     .text.DBGMCU_GetDEVID:0000000c $d
C:\Users\kevin\AppData\Local\Temp\cc6ZmH3z.s:75     .text.DBGMCU_Config:00000000 $t
C:\Users\kevin\AppData\Local\Temp\cc6ZmH3z.s:81     .text.DBGMCU_Config:00000000 DBGMCU_Config
C:\Users\kevin\AppData\Local\Temp\cc6ZmH3z.s:115    .text.DBGMCU_Config:00000018 $d

NO UNDEFINED SYMBOLS
